<?xml version="1.0" encoding="UTF-8" ?>
<testsuites>
  <testsuite errors="0" failures="0" hostname="Kuujjuaq" id="0" name="ConnectorTest" package="ca.uqac.lif.cep" skipped="0" tests="5" time="0.789" timestamp="2016-07-14T20:04:32">
      <properties>
[...]
</properties>

      <testcase classname="ca.uqac.lif.cep.ConnectorTest" name="testTwoUnary" time="0.019" />

      <testcase classname="ca.uqac.lif.cep.ConnectorTest" name="testIncompatibleTypes" time="0.001" />

      <testcase classname="ca.uqac.lif.cep.ConnectorTest" name="testThreeUnary1" time="0.0" />

      <testcase classname="ca.uqac.lif.cep.ConnectorTest" name="testThreeUnary2" time="0.011" />

      <testcase classname="ca.uqac.lif.cep.ConnectorTest" name="testTwoBinary" time="0.001" />

      <system-out />

      <system-err />

  </testsuite>
  <testsuite errors="0" failures="0" hostname="Kuujjuaq" id="1" name="DemultiplexerTest" package="ca.uqac.lif.cep" skipped="0" tests="1" time="0.837" timestamp="2016-07-14T20:04:34">
      <properties>
[...]
</properties>

      <testcase classname="ca.uqac.lif.cep.DemultiplexerTest" name="testDemultiplexer" time="0.029" />

      <system-out />

      <system-err />

  </testsuite>
  <testsuite errors="0" failures="0" hostname="Kuujjuaq" id="2" name="ForkTest" package="ca.uqac.lif.cep" skipped="0" tests="10" time="0.812" timestamp="2016-07-14T20:04:36">
      <properties>
[...]
</properties>

      <testcase classname="ca.uqac.lif.cep.ForkTest" name="testFork1" time="0.023" />

      <testcase classname="ca.uqac.lif.cep.ForkTest" name="testFork" time="0.004" />

      <testcase classname="ca.uqac.lif.cep.ForkTest" name="testSmartFork" time="0.005" />

      <testcase classname="ca.uqac.lif.cep.ForkTest" name="testExtendAritySmartFork" time="0.001" />

      <testcase classname="ca.uqac.lif.cep.ForkTest" name="testExtendArityFork" time="0.001" />

      <testcase classname="ca.uqac.lif.cep.ForkTest" name="testSmartFork1" time="0.0" />

      <testcase classname="ca.uqac.lif.cep.ForkTest" name="testSmartFork2" time="0.0" />

      <testcase classname="ca.uqac.lif.cep.ForkTest" name="testSmartFork3" time="0.001" />

      <testcase classname="ca.uqac.lif.cep.ForkTest" name="testSmartFork4" time="0.001" />

      <testcase classname="ca.uqac.lif.cep.ForkTest" name="testSmartFork5" time="0.002" />

      <system-out />

      <system-err />

  </testsuite>
  <testsuite errors="0" failures="0" hostname="Kuujjuaq" id="3" name="FunctionTest" package="ca.uqac.lif.cep" skipped="0" tests="9" time="0.99" timestamp="2016-07-14T20:04:38">
      <properties>
[...]
</properties>

      <testcase classname="ca.uqac.lif.cep.FunctionTest" name="testAdditionCumulativeNull" time="0.007" />

      <testcase classname="ca.uqac.lif.cep.FunctionTest" name="testUnaryAsProcessor" time="0.029" />

      <testcase classname="ca.uqac.lif.cep.FunctionTest" name="testAdditionAsCumulativeProcessor" time="0.0" />

      <testcase classname="ca.uqac.lif.cep.FunctionTest" name="testAddition" time="0.0" />

      <testcase classname="ca.uqac.lif.cep.FunctionTest" name="testAdditionCumulative" time="0.0" />

      <testcase classname="ca.uqac.lif.cep.FunctionTest" name="testGrammar" time="0.129" />

      <testcase classname="ca.uqac.lif.cep.FunctionTest" name="testAdditionOnce" time="0.0" />

      <testcase classname="ca.uqac.lif.cep.FunctionTest" name="testAdditionAsProcessor" time="0.0" />

      <testcase classname="ca.uqac.lif.cep.FunctionTest" name="testAdditionNullAsCumulativeProcessor" time="0.0" />

      <system-out />

      <system-err />

  </testsuite>
  <testsuite errors="0" failures="0" hostname="Kuujjuaq" id="4" name="GroupTest" package="ca.uqac.lif.cep" skipped="0" tests="9" time="0.858" timestamp="2016-07-14T20:04:40">
      <properties>
[...]
</properties>

      <testcase classname="ca.uqac.lif.cep.GroupTest" name="testGroupPull1" time="0.032" />

      <testcase classname="ca.uqac.lif.cep.GroupTest" name="testGroupPush2" time="0.004" />

      <testcase classname="ca.uqac.lif.cep.GroupTest" name="testClone1" time="0.006" />

      <testcase classname="ca.uqac.lif.cep.GroupTest" name="testClone2" time="0.0" />

      <testcase classname="ca.uqac.lif.cep.GroupTest" name="testClone3" time="0.0" />

      <testcase classname="ca.uqac.lif.cep.GroupTest" name="testClone4" time="0.001" />

      <testcase classname="ca.uqac.lif.cep.GroupTest" name="testGroup1" time="0.0" />

      <testcase classname="ca.uqac.lif.cep.GroupTest" name="testGroup2" time="0.0" />

      <testcase classname="ca.uqac.lif.cep.GroupTest" name="testGroup3" time="0.0" />

      <system-out />

      <system-err />

  </testsuite>
  <testsuite errors="0" failures="0" hostname="Kuujjuaq" id="5" name="MultiplexerTest" package="ca.uqac.lif.cep" skipped="0" tests="3" time="0.822" timestamp="2016-07-14T20:04:42">
      <properties>
[...]
</properties>

      <testcase classname="ca.uqac.lif.cep.MultiplexerTest" name="testMultiplexerPull" time="0.036" />

      <testcase classname="ca.uqac.lif.cep.MultiplexerTest" name="testMultiplexerPush" time="0.003" />

      <testcase classname="ca.uqac.lif.cep.MultiplexerTest" name="testMultiplexerPullHard" time="0.0" />

      <system-out />

      <system-err />

  </testsuite>
  <testsuite errors="0" failures="0" hostname="Kuujjuaq" id="6" name="ProcessorTest" package="ca.uqac.lif.cep" skipped="0" tests="11" time="0.877" timestamp="2016-07-14T20:04:44">
      <properties>
[...]
</properties>

      <testcase classname="ca.uqac.lif.cep.ProcessorTest" name="testDecimatePull1" time="0.037" />

      <testcase classname="ca.uqac.lif.cep.ProcessorTest" name="testDecimatePush1" time="0.001" />

      <testcase classname="ca.uqac.lif.cep.ProcessorTest" name="testBinaryPull" time="0.001" />

      <testcase classname="ca.uqac.lif.cep.ProcessorTest" name="testAdditionPush1" time="0.001" />

      <testcase classname="ca.uqac.lif.cep.ProcessorTest" name="testFilter1" time="0.001" />

      <testcase classname="ca.uqac.lif.cep.ProcessorTest" name="testFilter2" time="0.003" />

      <testcase classname="ca.uqac.lif.cep.ProcessorTest" name="testPull1" time="0.0" />

      <testcase classname="ca.uqac.lif.cep.ProcessorTest" name="testPush1" time="0.001" />

      <testcase classname="ca.uqac.lif.cep.ProcessorTest" name="testMuxerPush1" time="0.007" />

      <testcase classname="ca.uqac.lif.cep.ProcessorTest" name="testHasNext" time="0.002" />

      <testcase classname="ca.uqac.lif.cep.ProcessorTest" name="testGroupPush1" time="0.002" />

      <system-out />

      <system-err />

  </testsuite>
  <testsuite errors="0" failures="0" hostname="Kuujjuaq" id="7" name="PullableTest" package="ca.uqac.lif.cep" skipped="0" tests="2" time="0.815" timestamp="2016-07-14T20:04:45">
      <properties>
[...]
</properties>

      <testcase classname="ca.uqac.lif.cep.PullableTest" name="testTypedPullable1" time="0.033" />

      <testcase classname="ca.uqac.lif.cep.PullableTest" name="testTypedPullable2" time="0.0" />

      <system-out />

      <system-err />

  </testsuite>
  <testsuite errors="0" failures="0" hostname="Kuujjuaq" id="8" name="SimpleTests" package="ca.uqac.lif.cep" skipped="0" tests="2" time="0.829" timestamp="2016-07-14T20:04:47">
      <properties>
[...]
</properties>

      <testcase classname="ca.uqac.lif.cep.SimpleTests" name="testPassthrough" time="0.031" />

      <testcase classname="ca.uqac.lif.cep.SimpleTests" name="testConstant" time="0.004" />

      <system-out />

      <system-err />

  </testsuite>
  <testsuite errors="0" failures="0" hostname="Kuujjuaq" id="9" name="ThroughputTest" package="ca.uqac.lif.cep" skipped="0" tests="3" time="4.65" timestamp="2016-07-14T20:04:49">
      <properties>
[...]
</properties>

      <testcase classname="ca.uqac.lif.cep.ThroughputTest" name="testPassthroughPull" time="1.961" />

      <testcase classname="ca.uqac.lif.cep.ThroughputTest" name="testPassthroughPush" time="1.071" />

      <testcase classname="ca.uqac.lif.cep.ThroughputTest" name="testWindow" time="0.807" />

      <system-out><![CDATA[Throughput on passthrough (pull): 516057 ev/s
Throughput on passthrough (push): 936811 ev/s
Throughput on window (push): 1268183 ev/s
]]></system-out>

      <system-err />

  </testsuite>
  <testsuite errors="0" failures="0" hostname="Kuujjuaq" id="10" name="Utilities" package="ca.uqac.lif.cep" skipped="0" tests="1" time="0.804" timestamp="2016-07-14T20:04:55">
      <properties>
[...]
</properties>

      <testcase classname="ca.uqac.lif.cep.Utilities" name="dummyTest" time="0.003" />

      <system-out />

      <system-err />

  </testsuite>
  <testsuite errors="0" failures="0" hostname="Kuujjuaq" id="11" name="WindowTest" package="ca.uqac.lif.cep" skipped="0" tests="4" time="1.053" timestamp="2016-07-14T20:04:57">
      <properties>
[...]
</properties>

      <testcase classname="ca.uqac.lif.cep.WindowTest" name="testGrammar1" time="0.218" />

      <testcase classname="ca.uqac.lif.cep.WindowTest" name="testWindowPull1" time="0.009" />

      <testcase classname="ca.uqac.lif.cep.WindowTest" name="testWindowPull2" time="0.0" />

      <testcase classname="ca.uqac.lif.cep.WindowTest" name="testWindowPush1" time="0.001" />

      <system-out />

      <system-err />

  </testsuite>
  <testsuite errors="0" failures="0" hostname="Kuujjuaq" id="12" name="EplTest" package="ca.uqac.lif.cep.epl" skipped="0" tests="20" time="2.245" timestamp="2016-07-14T20:04:59">
      <properties>
[...]
</properties>

      <testcase classname="ca.uqac.lif.cep.epl.EplTest" name="testTrimGrammar" time="0.318" />

      <testcase classname="ca.uqac.lif.cep.epl.EplTest" name="testQueueSource1" time="0.1" />

      <testcase classname="ca.uqac.lif.cep.epl.EplTest" name="testQueueSource2" time="0.099" />

      <testcase classname="ca.uqac.lif.cep.epl.EplTest" name="testQueueSource3" time="0.119" />

      <testcase classname="ca.uqac.lif.cep.epl.EplTest" name="testTrim" time="0.095" />

      <testcase classname="ca.uqac.lif.cep.epl.EplTest" name="testPrefix1" time="0.075" />

      <testcase classname="ca.uqac.lif.cep.epl.EplTest" name="testWindowGrammar" time="0.114" />

      <testcase classname="ca.uqac.lif.cep.epl.EplTest" name="testCountDecimateGrammar" time="0.066" />

      <testcase classname="ca.uqac.lif.cep.epl.EplTest" name="testFreezeGrammar" time="0.065" />

      <testcase classname="ca.uqac.lif.cep.epl.EplTest" name="testCountDecimate1" time="0.048" />

      <testcase classname="ca.uqac.lif.cep.epl.EplTest" name="testCountDecimate2" time="0.053" />

      <testcase classname="ca.uqac.lif.cep.epl.EplTest" name="testWindow1" time="0.044" />

      <testcase classname="ca.uqac.lif.cep.epl.EplTest" name="testPrefixGrammar" time="0.053" />

      <testcase classname="ca.uqac.lif.cep.epl.EplTest" name="testQueueSink1" time="0.029" />

      <testcase classname="ca.uqac.lif.cep.epl.EplTest" name="testQueueSink2" time="0.028" />

      <testcase classname="ca.uqac.lif.cep.epl.EplTest" name="testQueueSink3" time="0.029" />

      <testcase classname="ca.uqac.lif.cep.epl.EplTest" name="testSinkLast" time="0.021" />

      <testcase classname="ca.uqac.lif.cep.epl.EplTest" name="testFilter" time="0.023" />

      <testcase classname="ca.uqac.lif.cep.epl.EplTest" name="testFreeze" time="0.023" />

      <testcase classname="ca.uqac.lif.cep.epl.EplTest" name="testInsert" time="0.024" />

      <system-out />

      <system-err />

  </testsuite>
  <testsuite errors="0" failures="0" hostname="Kuujjuaq" id="13" name="SlicerTest" package="ca.uqac.lif.cep.epl" skipped="0" tests="2" time="0.982" timestamp="2016-07-14T20:05:03">
      <properties>
[...]
</properties>

      <testcase classname="ca.uqac.lif.cep.epl.SlicerTest" name="testSlicer1" time="0.038" />

      <testcase classname="ca.uqac.lif.cep.epl.SlicerTest" name="testSlicerParse" time="0.141" />

      <system-out />

      <system-err />

  </testsuite>
  <testsuite errors="0" failures="0" hostname="Kuujjuaq" id="14" name="InputTest" package="ca.uqac.lif.cep.input" skipped="0" tests="1" time="0.89" timestamp="2016-07-14T20:05:05">
      <properties>
[...]
</properties>

      <testcase classname="ca.uqac.lif.cep.input.InputTest" name="testCsvFeeder" time="0.055" />

      <system-out />

      <system-err />

  </testsuite>
  <testsuite errors="0" failures="0" hostname="Kuujjuaq" id="15" name="TokenFeederTest" package="ca.uqac.lif.cep.input" skipped="0" tests="4" time="0.862" timestamp="2016-07-14T20:05:06">
      <properties>
[...]
</properties>

      <testcase classname="ca.uqac.lif.cep.input.TokenFeederTest" name="testTokenFeederPull1" time="0.036" />

      <testcase classname="ca.uqac.lif.cep.input.TokenFeederTest" name="testTokenFeederPush1" time="0.006" />

      <testcase classname="ca.uqac.lif.cep.input.TokenFeederTest" name="testTokenFeederPush2" time="0.0" />

      <testcase classname="ca.uqac.lif.cep.input.TokenFeederTest" name="testTokenFeederPush3" time="0.0" />

      <system-out />

      <system-err />

  </testsuite>
  <testsuite errors="0" failures="0" hostname="Kuujjuaq" id="16" name="InterpreterExtensionTest" package="ca.uqac.lif.cep.interpreter" skipped="0" tests="7" time="1.332" timestamp="2016-07-14T20:05:08">
      <properties>
[...]
</properties>

      <testcase classname="ca.uqac.lif.cep.interpreter.InterpreterExtensionTest" name="testExtensionNumber1" time="0.186" />

      <testcase classname="ca.uqac.lif.cep.interpreter.InterpreterExtensionTest" name="testExtensionNumber2" time="0.053" />

      <testcase classname="ca.uqac.lif.cep.interpreter.InterpreterExtensionTest" name="testExtensionNumber3" time="0.046" />

      <testcase classname="ca.uqac.lif.cep.interpreter.InterpreterExtensionTest" name="testExtensionNumber4" time="0.065" />

      <testcase classname="ca.uqac.lif.cep.interpreter.InterpreterExtensionTest" name="testExtensionNumber5" time="0.054" />

      <testcase classname="ca.uqac.lif.cep.interpreter.InterpreterExtensionTest" name="testPlaceholder" time="0.045" />

      <testcase classname="ca.uqac.lif.cep.interpreter.InterpreterExtensionTest" name="testExtensionIo1" time="0.047" />

      <system-out />

      <system-err />

  </testsuite>
  <testsuite errors="0" failures="0" hostname="Kuujjuaq" id="17" name="InterpreterTestFrontEnd" package="ca.uqac.lif.cep.interpreter" skipped="0" tests="1" time="0.965" timestamp="2016-07-14T20:05:11">
      <properties>
[...]
</properties>

      <testcase classname="ca.uqac.lif.cep.interpreter.InterpreterTestFrontEnd" name="dummyTest" time="0.004" />

      <system-out />

      <system-err />

  </testsuite>
  <testsuite errors="2" failures="0" hostname="Kuujjuaq" id="18" name="UserDefinitionTest" package="ca.uqac.lif.cep.interpreter" skipped="0" tests="12" time="2.41" timestamp="2016-07-14T20:05:13">
      <properties>
[...]
</properties>

      <testcase classname="ca.uqac.lif.cep.interpreter.UserDefinitionTest" name="testDefinition1" time="0.379" />

      <testcase classname="ca.uqac.lif.cep.interpreter.UserDefinitionTest" name="testDefinition2" time="0.082" />

      <testcase classname="ca.uqac.lif.cep.interpreter.UserDefinitionTest" name="testDefinition3" time="0.108" />

      <testcase classname="ca.uqac.lif.cep.interpreter.UserDefinitionTest" name="testDefinition4" time="0.423" />

      <testcase classname="ca.uqac.lif.cep.interpreter.UserDefinitionTest" name="testDefinition5" time="0.31">
          <error type="java.lang.NullPointerException">java.lang.NullPointerException
	at ca.uqac.lif.cep.io.StreamReader.compute(StreamReader.java:155)
	at ca.uqac.lif.cep.SingleProcessor$OutputPullable.hasNext(SingleProcessor.java:350)
	at ca.uqac.lif.cep.SingleProcessor$OutputPullable.hasNext(SingleProcessor.java:327)
	at ca.uqac.lif.cep.SingleProcessor$OutputPullable.hasNext(SingleProcessor.java:327)
	at ca.uqac.lif.cep.SmartFork$QueuePullable.hasNext(SmartFork.java:241)
	at ca.uqac.lif.cep.SingleProcessor$OutputPullable.hasNext(SingleProcessor.java:327)
	at ca.uqac.lif.cep.SingleProcessor$OutputPullable.hasNext(SingleProcessor.java:327)
	at ca.uqac.lif.cep.SingleProcessor$OutputPullable.hasNext(SingleProcessor.java:327)
	at ca.uqac.lif.cep.SingleProcessor$OutputPullable.hasNext(SingleProcessor.java:327)
	at ca.uqac.lif.cep.SingleProcessor$OutputPullable.pull(SingleProcessor.java:217)
	at ca.uqac.lif.cep.interpreter.UserDefinitionTest.testDefinition5(UserDefinitionTest.java:235)
</error>

      </testcase>

      <testcase classname="ca.uqac.lif.cep.interpreter.UserDefinitionTest" name="testDefinition6" time="0.06">
          <error type="java.lang.NullPointerException">java.lang.NullPointerException
	at ca.uqac.lif.cep.io.StreamReader.compute(StreamReader.java:155)
	at ca.uqac.lif.cep.SingleProcessor$OutputPullable.hasNext(SingleProcessor.java:350)
	at ca.uqac.lif.cep.SingleProcessor$OutputPullable.hasNext(SingleProcessor.java:327)
	at ca.uqac.lif.cep.SingleProcessor$OutputPullable.hasNext(SingleProcessor.java:327)
	at ca.uqac.lif.cep.SmartFork$QueuePullable.hasNext(SmartFork.java:241)
	at ca.uqac.lif.cep.SingleProcessor$OutputPullable.hasNext(SingleProcessor.java:327)
	at ca.uqac.lif.cep.SingleProcessor$OutputPullable.hasNext(SingleProcessor.java:327)
	at ca.uqac.lif.cep.SingleProcessor$OutputPullable.pull(SingleProcessor.java:217)
	at ca.uqac.lif.cep.interpreter.UserDefinitionTest.testDefinition6(UserDefinitionTest.java:256)
</error>

      </testcase>

      <testcase classname="ca.uqac.lif.cep.interpreter.UserDefinitionTest" name="testDefinition7" time="0.042" />

      <testcase classname="ca.uqac.lif.cep.interpreter.UserDefinitionTest" name="testDefinition8" time="0.047" />

      <testcase classname="ca.uqac.lif.cep.interpreter.UserDefinitionTest" name="testPlaceholder1" time="0.023" />

      <testcase classname="ca.uqac.lif.cep.interpreter.UserDefinitionTest" name="testPlaceholder2" time="0.028" />

      <testcase classname="ca.uqac.lif.cep.interpreter.UserDefinitionTest" name="testPlaceholder3" time="0.027" />

      <testcase classname="ca.uqac.lif.cep.interpreter.UserDefinitionTest" name="testPlaceholder4" time="0.023" />

      <system-out />

      <system-err><![CDATA[java.io.FileNotFoundException: tuples3.csv (No such file or directory)
	at java.io.FileInputStream.open(Native Method)
	at java.io.FileInputStream.<init>(FileInputStream.java:146)
	at ca.uqac.lif.cep.io.StreamReader.build(StreamReader.java:213)
	at sun.reflect.NativeMethodAccessorImpl.invoke0(Native Method)
	at sun.reflect.NativeMethodAccessorImpl.invoke(NativeMethodAccessorImpl.java:57)
	at sun.reflect.DelegatingMethodAccessorImpl.invoke(DelegatingMethodAccessorImpl.java:43)
	at java.lang.reflect.Method.invoke(Method.java:606)
	at ca.uqac.lif.cep.interpreter.Interpreter.visitAssociation(Interpreter.java:446)
	at ca.uqac.lif.cep.interpreter.Interpreter.visit(Interpreter.java:389)
	at ca.uqac.lif.bullwinkle.ParseNode.postfixAccept(ParseNode.java:120)
	at ca.uqac.lif.bullwinkle.ParseNode.postfixAccept(ParseNode.java:118)
	at ca.uqac.lif.bullwinkle.ParseNode.postfixAccept(ParseNode.java:118)
	at ca.uqac.lif.bullwinkle.ParseNode.postfixAccept(ParseNode.java:118)
	at ca.uqac.lif.bullwinkle.ParseNode.postfixAccept(ParseNode.java:118)
	at ca.uqac.lif.bullwinkle.ParseNode.postfixAccept(ParseNode.java:118)
	at ca.uqac.lif.bullwinkle.ParseNode.postfixAccept(ParseNode.java:118)
	at ca.uqac.lif.bullwinkle.ParseNode.postfixAccept(ParseNode.java:118)
	at ca.uqac.lif.bullwinkle.ParseNode.postfixAccept(ParseNode.java:118)
	at ca.uqac.lif.bullwinkle.ParseNode.postfixAccept(ParseNode.java:118)
	at ca.uqac.lif.bullwinkle.ParseNode.postfixAccept(ParseNode.java:118)
	at ca.uqac.lif.bullwinkle.ParseNode.postfixAccept(ParseNode.java:118)
	at ca.uqac.lif.bullwinkle.ParseNode.postfixAccept(ParseNode.java:118)
	at ca.uqac.lif.bullwinkle.ParseNode.postfixAccept(ParseNode.java:118)
	at ca.uqac.lif.cep.interpreter.Interpreter.parseStatement(Interpreter.java:611)
	at ca.uqac.lif.cep.interpreter.Interpreter.parseQuery(Interpreter.java:592)
	at ca.uqac.lif.cep.interpreter.UserDefinitionTest.testDefinition5(UserDefinitionTest.java:232)
	at sun.reflect.NativeMethodAccessorImpl.invoke0(Native Method)
	at sun.reflect.NativeMethodAccessorImpl.invoke(NativeMethodAccessorImpl.java:57)
	at sun.reflect.DelegatingMethodAccessorImpl.invoke(DelegatingMethodAccessorImpl.java:43)
	at java.lang.reflect.Method.invoke(Method.java:606)
	at org.junit.runners.model.FrameworkMethod$1.runReflectiveCall(FrameworkMethod.java:50)
	at org.junit.internal.runners.model.ReflectiveCallable.run(ReflectiveCallable.java:12)
	at org.junit.runners.model.FrameworkMethod.invokeExplosively(FrameworkMethod.java:47)
	at org.junit.internal.runners.statements.InvokeMethod.evaluate(InvokeMethod.java:17)
	at org.junit.internal.runners.statements.RunBefores.evaluate(RunBefores.java:26)
	at org.junit.runners.ParentRunner.runLeaf(ParentRunner.java:325)
	at org.junit.runners.BlockJUnit4ClassRunner.runChild(BlockJUnit4ClassRunner.java:78)
	at org.junit.runners.BlockJUnit4ClassRunner.runChild(BlockJUnit4ClassRunner.java:57)
	at org.junit.runners.ParentRunner$3.run(ParentRunner.java:290)
	at org.junit.runners.ParentRunner$1.schedule(ParentRunner.java:71)
	at org.junit.runners.ParentRunner.runChildren(ParentRunner.java:288)
	at org.junit.runners.ParentRunner.access$000(ParentRunner.java:58)
	at org.junit.runners.ParentRunner$2.evaluate(ParentRunner.java:268)
	at org.junit.runners.ParentRunner.run(ParentRunner.java:363)
	at junit.framework.JUnit4TestAdapter.run(JUnit4TestAdapter.java:38)
	at org.apache.tools.ant.taskdefs.optional.junit.JUnitTestRunner.run(JUnitTestRunner.java:532)
	at org.apache.tools.ant.taskdefs.optional.junit.JUnitTestRunner.launch(JUnitTestRunner.java:1165)
	at org.apache.tools.ant.taskdefs.optional.junit.JUnitTestRunner.main(JUnitTestRunner.java:1016)
java.io.FileNotFoundException: tuples3.csv (No such file or directory)
	at java.io.FileInputStream.open(Native Method)
	at java.io.FileInputStream.<init>(FileInputStream.java:146)
	at ca.uqac.lif.cep.io.StreamReader.build(StreamReader.java:213)
	at sun.reflect.NativeMethodAccessorImpl.invoke0(Native Method)
	at sun.reflect.NativeMethodAccessorImpl.invoke(NativeMethodAccessorImpl.java:57)
	at sun.reflect.DelegatingMethodAccessorImpl.invoke(DelegatingMethodAccessorImpl.java:43)
	at java.lang.reflect.Method.invoke(Method.java:606)
	at ca.uqac.lif.cep.interpreter.Interpreter.visitAssociation(Interpreter.java:446)
	at ca.uqac.lif.cep.interpreter.Interpreter.visit(Interpreter.java:389)
	at ca.uqac.lif.bullwinkle.ParseNode.postfixAccept(ParseNode.java:120)
	at ca.uqac.lif.bullwinkle.ParseNode.postfixAccept(ParseNode.java:118)
	at ca.uqac.lif.bullwinkle.ParseNode.postfixAccept(ParseNode.java:118)
	at ca.uqac.lif.bullwinkle.ParseNode.postfixAccept(ParseNode.java:118)
	at ca.uqac.lif.bullwinkle.ParseNode.postfixAccept(ParseNode.java:118)
	at ca.uqac.lif.bullwinkle.ParseNode.postfixAccept(ParseNode.java:118)
	at ca.uqac.lif.bullwinkle.ParseNode.postfixAccept(ParseNode.java:118)
	at ca.uqac.lif.bullwinkle.ParseNode.postfixAccept(ParseNode.java:118)
	at ca.uqac.lif.bullwinkle.ParseNode.postfixAccept(ParseNode.java:118)
	at ca.uqac.lif.bullwinkle.ParseNode.postfixAccept(ParseNode.java:118)
	at ca.uqac.lif.bullwinkle.ParseNode.postfixAccept(ParseNode.java:118)
	at ca.uqac.lif.bullwinkle.ParseNode.postfixAccept(ParseNode.java:118)
	at ca.uqac.lif.bullwinkle.ParseNode.postfixAccept(ParseNode.java:118)
	at ca.uqac.lif.bullwinkle.ParseNode.postfixAccept(ParseNode.java:118)
	at ca.uqac.lif.cep.interpreter.Interpreter.parseStatement(Interpreter.java:611)
	at ca.uqac.lif.cep.interpreter.Interpreter.parseQuery(Interpreter.java:592)
	at ca.uqac.lif.cep.interpreter.UserDefinitionTest.testDefinition6(UserDefinitionTest.java:252)
	at sun.reflect.NativeMethodAccessorImpl.invoke0(Native Method)
	at sun.reflect.NativeMethodAccessorImpl.invoke(NativeMethodAccessorImpl.java:57)
	at sun.reflect.DelegatingMethodAccessorImpl.invoke(DelegatingMethodAccessorImpl.java:43)
	at java.lang.reflect.Method.invoke(Method.java:606)
	at org.junit.runners.model.FrameworkMethod$1.runReflectiveCall(FrameworkMethod.java:50)
	at org.junit.internal.runners.model.ReflectiveCallable.run(ReflectiveCallable.java:12)
	at org.junit.runners.model.FrameworkMethod.invokeExplosively(FrameworkMethod.java:47)
	at org.junit.internal.runners.statements.InvokeMethod.evaluate(InvokeMethod.java:17)
	at org.junit.internal.runners.statements.RunBefores.evaluate(RunBefores.java:26)
	at org.junit.runners.ParentRunner.runLeaf(ParentRunner.java:325)
	at org.junit.runners.BlockJUnit4ClassRunner.runChild(BlockJUnit4ClassRunner.java:78)
	at org.junit.runners.BlockJUnit4ClassRunner.runChild(BlockJUnit4ClassRunner.java:57)
	at org.junit.runners.ParentRunner$3.run(ParentRunner.java:290)
	at org.junit.runners.ParentRunner$1.schedule(ParentRunner.java:71)
	at org.junit.runners.ParentRunner.runChildren(ParentRunner.java:288)
	at org.junit.runners.ParentRunner.access$000(ParentRunner.java:58)
	at org.junit.runners.ParentRunner$2.evaluate(ParentRunner.java:268)
	at org.junit.runners.ParentRunner.run(ParentRunner.java:363)
	at junit.framework.JUnit4TestAdapter.run(JUnit4TestAdapter.java:38)
	at org.apache.tools.ant.taskdefs.optional.junit.JUnitTestRunner.run(JUnitTestRunner.java:532)
	at org.apache.tools.ant.taskdefs.optional.junit.JUnitTestRunner.launch(JUnitTestRunner.java:1165)
	at org.apache.tools.ant.taskdefs.optional.junit.JUnitTestRunner.main(JUnitTestRunner.java:1016)
]]></system-err>

  </testsuite>
  <testsuite errors="0" failures="0" hostname="Kuujjuaq" id="19" name="IoTest" package="ca.uqac.lif.cep.io" skipped="0" tests="3" time="2.085" timestamp="2016-07-14T20:05:16">
      <properties>
[...]
</properties>

      <testcase classname="ca.uqac.lif.cep.io.IoTest" name="testStreamReaderPull1" time="0.037" />

      <testcase classname="ca.uqac.lif.cep.io.IoTest" name="testStreamReaderPush1" time="0.013" />

      <testcase classname="ca.uqac.lif.cep.io.IoTest" name="testUrlFeeder1" time="1.234" />

      <system-out />

      <system-err />

  </testsuite>
  <testsuite errors="0" failures="0" hostname="Kuujjuaq" id="20" name="MathTest" package="ca.uqac.lif.cep.numbers" skipped="0" tests="7" time="0.988" timestamp="2016-07-14T20:05:20">
      <properties>
[...]
</properties>

      <testcase classname="ca.uqac.lif.cep.numbers.MathTest" name="testPower" time="0.026" />

      <testcase classname="ca.uqac.lif.cep.numbers.MathTest" name="testSumIfGreaterPush" time="0.014" />

      <testcase classname="ca.uqac.lif.cep.numbers.MathTest" name="testSumIfGreaterPullHard" time="0.003" />

      <testcase classname="ca.uqac.lif.cep.numbers.MathTest" name="testStatisticalMomentPull1" time="0.003" />

      <testcase classname="ca.uqac.lif.cep.numbers.MathTest" name="testStatisticalMomentPush1" time="0.001" />

      <testcase classname="ca.uqac.lif.cep.numbers.MathTest" name="testSumPull" time="0.0" />

      <testcase classname="ca.uqac.lif.cep.numbers.MathTest" name="testSumPush" time="0.0" />

      <system-out />

      <system-err />

  </testsuite>
  <testsuite errors="0" failures="0" hostname="Kuujjuaq" id="21" name="TuplesEmlBuildTest" package="ca.uqac.lif.cep.tuples" skipped="0" tests="15" time="1.955" timestamp="2016-07-14T20:05:22">
      <properties>
[...]
</properties>

      <testcase classname="ca.uqac.lif.cep.tuples.TuplesEmlBuildTest" name="testProcList3b" time="0.237" />

      <testcase classname="ca.uqac.lif.cep.tuples.TuplesEmlBuildTest" name="testProcList1" time="0.093" />

      <testcase classname="ca.uqac.lif.cep.tuples.TuplesEmlBuildTest" name="testProcList2" time="0.089" />

      <testcase classname="ca.uqac.lif.cep.tuples.TuplesEmlBuildTest" name="testProcList3" time="0.088" />

      <testcase classname="ca.uqac.lif.cep.tuples.TuplesEmlBuildTest" name="testProcList4" time="0.089" />

      <testcase classname="ca.uqac.lif.cep.tuples.TuplesEmlBuildTest" name="testAttributeList1" time="0.128" />

      <testcase classname="ca.uqac.lif.cep.tuples.TuplesEmlBuildTest" name="testAttributeList2" time="0.096" />

      <testcase classname="ca.uqac.lif.cep.tuples.TuplesEmlBuildTest" name="testAttributeList3" time="0.061" />

      <testcase classname="ca.uqac.lif.cep.tuples.TuplesEmlBuildTest" name="testAttributeExpression1" time="0.031" />

      <testcase classname="ca.uqac.lif.cep.tuples.TuplesEmlBuildTest" name="testAttributeExpression2" time="0.025" />

      <testcase classname="ca.uqac.lif.cep.tuples.TuplesEmlBuildTest" name="testAttributeExpression3" time="0.027" />

      <testcase classname="ca.uqac.lif.cep.tuples.TuplesEmlBuildTest" name="testAttributeExpression4" time="0.024" />

      <testcase classname="ca.uqac.lif.cep.tuples.TuplesEmlBuildTest" name="testTupleFeeder1" time="0.053" />

      <testcase classname="ca.uqac.lif.cep.tuples.TuplesEmlBuildTest" name="testSelect1" time="0.042" />

      <testcase classname="ca.uqac.lif.cep.tuples.TuplesEmlBuildTest" name="testSelect2" time="0.073" />

      <system-out />

      <system-err />

  </testsuite>
  <testsuite errors="0" failures="0" hostname="Kuujjuaq" id="22" name="TuplesEmlGrammarTest" package="ca.uqac.lif.cep.tuples" skipped="0" tests="20" time="2.033" timestamp="2016-07-14T20:05:25">
      <properties>
[...]
</properties>

      <testcase classname="ca.uqac.lif.cep.tuples.TuplesEmlGrammarTest" name="testExtension10" time="0.221" />

      <testcase classname="ca.uqac.lif.cep.tuples.TuplesEmlGrammarTest" name="testExtension11" time="0.316" />

      <testcase classname="ca.uqac.lif.cep.tuples.TuplesEmlGrammarTest" name="testExtension12" time="0.272" />

      <testcase classname="ca.uqac.lif.cep.tuples.TuplesEmlGrammarTest" name="testExtension13" time="0.036" />

      <testcase classname="ca.uqac.lif.cep.tuples.TuplesEmlGrammarTest" name="testExtension14" time="0.045" />

      <testcase classname="ca.uqac.lif.cep.tuples.TuplesEmlGrammarTest" name="testExtension16" time="0.045" />

      <testcase classname="ca.uqac.lif.cep.tuples.TuplesEmlGrammarTest" name="testExtension18" time="0.031" />

      <testcase classname="ca.uqac.lif.cep.tuples.TuplesEmlGrammarTest" name="testExtension4a" time="0.022" />

      <testcase classname="ca.uqac.lif.cep.tuples.TuplesEmlGrammarTest" name="testExtension4b" time="0.02" />

      <testcase classname="ca.uqac.lif.cep.tuples.TuplesEmlGrammarTest" name="testExtension15a" time="0.02" />

      <testcase classname="ca.uqac.lif.cep.tuples.TuplesEmlGrammarTest" name="testExtension15b" time="0.021" />

      <testcase classname="ca.uqac.lif.cep.tuples.TuplesEmlGrammarTest" name="testExtension17a" time="0.045" />

      <testcase classname="ca.uqac.lif.cep.tuples.TuplesEmlGrammarTest" name="testExtension1" time="0.02" />

      <testcase classname="ca.uqac.lif.cep.tuples.TuplesEmlGrammarTest" name="testExtension2" time="0.023" />

      <testcase classname="ca.uqac.lif.cep.tuples.TuplesEmlGrammarTest" name="testExtension3" time="0.022" />

      <testcase classname="ca.uqac.lif.cep.tuples.TuplesEmlGrammarTest" name="testExtension5" time="0.021" />

      <testcase classname="ca.uqac.lif.cep.tuples.TuplesEmlGrammarTest" name="testExtension6" time="0.024" />

      <testcase classname="ca.uqac.lif.cep.tuples.TuplesEmlGrammarTest" name="testExtension7" time="0.015" />

      <testcase classname="ca.uqac.lif.cep.tuples.TuplesEmlGrammarTest" name="testExtension8" time="0.017" />

      <testcase classname="ca.uqac.lif.cep.tuples.TuplesEmlGrammarTest" name="testExtension9" time="0.017" />

      <system-out />

      <system-err />

  </testsuite>
  <testsuite errors="3" failures="0" hostname="Kuujjuaq" id="23" name="TuplesEmlSelectTest" package="ca.uqac.lif.cep.tuples" skipped="0" tests="16" time="2.184" timestamp="2016-07-14T20:05:28">
      <properties>
[...]
</properties>

      <testcase classname="ca.uqac.lif.cep.tuples.TuplesEmlSelectTest" name="testSelectMixed1" time="0.415">
          <error type="java.lang.NullPointerException">java.lang.NullPointerException
	at ca.uqac.lif.cep.io.StreamReader.compute(StreamReader.java:155)
	at ca.uqac.lif.cep.SingleProcessor$OutputPullable.hasNextHard(SingleProcessor.java:285)
	at ca.uqac.lif.cep.SingleProcessor$OutputPullable.hasNextHard(SingleProcessor.java:269)
	at ca.uqac.lif.cep.SingleProcessor$OutputPullable.hasNextHard(SingleProcessor.java:269)
	at ca.uqac.lif.cep.SingleProcessor$OutputPullable.hasNextHard(SingleProcessor.java:269)
	at ca.uqac.lif.cep.SingleProcessor$OutputPullable.pullHard(SingleProcessor.java:236)
	at ca.uqac.lif.cep.tuples.TuplesEmlSelectTest.testSelectMixed1(TuplesEmlSelectTest.java:302)
</error>

      </testcase>

      <testcase classname="ca.uqac.lif.cep.tuples.TuplesEmlSelectTest" name="testCombine1" time="0.109" />

      <testcase classname="ca.uqac.lif.cep.tuples.TuplesEmlSelectTest" name="testCombine2" time="0.104" />

      <testcase classname="ca.uqac.lif.cep.tuples.TuplesEmlSelectTest" name="testTupleFeeder1" time="0.11">
          <error type="java.lang.NullPointerException">java.lang.NullPointerException
	at ca.uqac.lif.cep.io.StreamReader.compute(StreamReader.java:155)
	at ca.uqac.lif.cep.SingleProcessor$OutputPullable.hasNextHard(SingleProcessor.java:285)
	at ca.uqac.lif.cep.SingleProcessor$OutputPullable.hasNextHard(SingleProcessor.java:269)
	at ca.uqac.lif.cep.SingleProcessor$OutputPullable.pullHard(SingleProcessor.java:236)
	at ca.uqac.lif.cep.epl.Sink.pullHard(Sink.java:70)
	at ca.uqac.lif.cep.tuples.TuplesEmlSelectTest.testTupleFeeder1(TuplesEmlSelectTest.java:334)
</error>

      </testcase>

      <testcase classname="ca.uqac.lif.cep.tuples.TuplesEmlSelectTest" name="testTupleFeeder2" time="0.116" />

      <testcase classname="ca.uqac.lif.cep.tuples.TuplesEmlSelectTest" name="testSelect1" time="0.093" />

      <testcase classname="ca.uqac.lif.cep.tuples.TuplesEmlSelectTest" name="testSelect2" time="0.067" />

      <testcase classname="ca.uqac.lif.cep.tuples.TuplesEmlSelectTest" name="testSelect3" time="0.056" />

      <testcase classname="ca.uqac.lif.cep.tuples.TuplesEmlSelectTest" name="testSelect4" time="0.049" />

      <testcase classname="ca.uqac.lif.cep.tuples.TuplesEmlSelectTest" name="testSelect5" time="0.049" />

      <testcase classname="ca.uqac.lif.cep.tuples.TuplesEmlSelectTest" name="testSelect6" time="0.035" />

      <testcase classname="ca.uqac.lif.cep.tuples.TuplesEmlSelectTest" name="testSelect7" time="0.036" />

      <testcase classname="ca.uqac.lif.cep.tuples.TuplesEmlSelectTest" name="testSelect8" time="0.039" />

      <testcase classname="ca.uqac.lif.cep.tuples.TuplesEmlSelectTest" name="testSelect9" time="0.041" />

      <testcase classname="ca.uqac.lif.cep.tuples.TuplesEmlSelectTest" name="testWhere1" time="0.034">
          <error type="java.lang.NullPointerException">java.lang.NullPointerException
	at ca.uqac.lif.cep.io.StreamReader.compute(StreamReader.java:155)
	at ca.uqac.lif.cep.SingleProcessor$OutputPullable.hasNextHard(SingleProcessor.java:285)
	at ca.uqac.lif.cep.SingleProcessor$OutputPullable.hasNextHard(SingleProcessor.java:269)
	at ca.uqac.lif.cep.SingleProcessor$OutputPullable.hasNextHard(SingleProcessor.java:269)
	at ca.uqac.lif.cep.SingleProcessor$OutputPullable.pullHard(SingleProcessor.java:236)
	at ca.uqac.lif.cep.tuples.TuplesEmlSelectTest.testWhere1(TuplesEmlSelectTest.java:399)
</error>

      </testcase>

      <testcase classname="ca.uqac.lif.cep.tuples.TuplesEmlSelectTest" name="testSelect10" time="0.048" />

      <system-out />

      <system-err><![CDATA[java.io.FileNotFoundException: tuples1.csv (No such file or directory)
	at java.io.FileInputStream.open(Native Method)
	at java.io.FileInputStream.<init>(FileInputStream.java:146)
	at ca.uqac.lif.cep.io.StreamReader.build(StreamReader.java:213)
	at sun.reflect.NativeMethodAccessorImpl.invoke0(Native Method)
	at sun.reflect.NativeMethodAccessorImpl.invoke(NativeMethodAccessorImpl.java:57)
	at sun.reflect.DelegatingMethodAccessorImpl.invoke(DelegatingMethodAccessorImpl.java:43)
	at java.lang.reflect.Method.invoke(Method.java:606)
	at ca.uqac.lif.cep.interpreter.Interpreter.visitAssociation(Interpreter.java:446)
	at ca.uqac.lif.cep.interpreter.Interpreter.visit(Interpreter.java:389)
	at ca.uqac.lif.bullwinkle.ParseNode.postfixAccept(ParseNode.java:120)
	at ca.uqac.lif.bullwinkle.ParseNode.postfixAccept(ParseNode.java:118)
	at ca.uqac.lif.bullwinkle.ParseNode.postfixAccept(ParseNode.java:118)
	at ca.uqac.lif.bullwinkle.ParseNode.postfixAccept(ParseNode.java:118)
	at ca.uqac.lif.bullwinkle.ParseNode.postfixAccept(ParseNode.java:118)
	at ca.uqac.lif.bullwinkle.ParseNode.postfixAccept(ParseNode.java:118)
	at ca.uqac.lif.bullwinkle.ParseNode.postfixAccept(ParseNode.java:118)
	at ca.uqac.lif.bullwinkle.ParseNode.postfixAccept(ParseNode.java:118)
	at ca.uqac.lif.bullwinkle.ParseNode.postfixAccept(ParseNode.java:118)
	at ca.uqac.lif.bullwinkle.ParseNode.postfixAccept(ParseNode.java:118)
	at ca.uqac.lif.bullwinkle.ParseNode.postfixAccept(ParseNode.java:118)
	at ca.uqac.lif.bullwinkle.ParseNode.postfixAccept(ParseNode.java:118)
	at ca.uqac.lif.bullwinkle.ParseNode.postfixAccept(ParseNode.java:118)
	at ca.uqac.lif.bullwinkle.ParseNode.postfixAccept(ParseNode.java:118)
	at ca.uqac.lif.cep.interpreter.Interpreter.parseStatement(Interpreter.java:611)
	at ca.uqac.lif.cep.interpreter.Interpreter.parseQuery(Interpreter.java:592)
	at ca.uqac.lif.cep.tuples.TuplesEmlSelectTest.testSelectMixed1(TuplesEmlSelectTest.java:296)
	at sun.reflect.NativeMethodAccessorImpl.invoke0(Native Method)
	at sun.reflect.NativeMethodAccessorImpl.invoke(NativeMethodAccessorImpl.java:57)
	at sun.reflect.DelegatingMethodAccessorImpl.invoke(DelegatingMethodAccessorImpl.java:43)
	at java.lang.reflect.Method.invoke(Method.java:606)
	at org.junit.runners.model.FrameworkMethod$1.runReflectiveCall(FrameworkMethod.java:50)
	at org.junit.internal.runners.model.ReflectiveCallable.run(ReflectiveCallable.java:12)
	at org.junit.runners.model.FrameworkMethod.invokeExplosively(FrameworkMethod.java:47)
	at org.junit.internal.runners.statements.InvokeMethod.evaluate(InvokeMethod.java:17)
	at org.junit.internal.runners.statements.RunBefores.evaluate(RunBefores.java:26)
	at org.junit.runners.ParentRunner.runLeaf(ParentRunner.java:325)
	at org.junit.runners.BlockJUnit4ClassRunner.runChild(BlockJUnit4ClassRunner.java:78)
	at org.junit.runners.BlockJUnit4ClassRunner.runChild(BlockJUnit4ClassRunner.java:57)
	at org.junit.runners.ParentRunner$3.run(ParentRunner.java:290)
	at org.junit.runners.ParentRunner$1.schedule(ParentRunner.java:71)
	at org.junit.runners.ParentRunner.runChildren(ParentRunner.java:288)
	at org.junit.runners.ParentRunner.access$000(ParentRunner.java:58)
	at org.junit.runners.ParentRunner$2.evaluate(ParentRunner.java:268)
	at org.junit.runners.ParentRunner.run(ParentRunner.java:363)
	at junit.framework.JUnit4TestAdapter.run(JUnit4TestAdapter.java:38)
	at org.apache.tools.ant.taskdefs.optional.junit.JUnitTestRunner.run(JUnitTestRunner.java:532)
	at org.apache.tools.ant.taskdefs.optional.junit.JUnitTestRunner.launch(JUnitTestRunner.java:1165)
	at org.apache.tools.ant.taskdefs.optional.junit.JUnitTestRunner.main(JUnitTestRunner.java:1016)
java.io.FileNotFoundException: tuples2.csv (No such file or directory)
	at java.io.FileInputStream.open(Native Method)
	at java.io.FileInputStream.<init>(FileInputStream.java:146)
	at ca.uqac.lif.cep.io.StreamReader.build(StreamReader.java:213)
	at sun.reflect.NativeMethodAccessorImpl.invoke0(Native Method)
	at sun.reflect.NativeMethodAccessorImpl.invoke(NativeMethodAccessorImpl.java:57)
	at sun.reflect.DelegatingMethodAccessorImpl.invoke(DelegatingMethodAccessorImpl.java:43)
	at java.lang.reflect.Method.invoke(Method.java:606)
	at ca.uqac.lif.cep.interpreter.Interpreter.visitAssociation(Interpreter.java:446)
	at ca.uqac.lif.cep.interpreter.Interpreter.visit(Interpreter.java:389)
	at ca.uqac.lif.bullwinkle.ParseNode.postfixAccept(ParseNode.java:120)
	at ca.uqac.lif.bullwinkle.ParseNode.postfixAccept(ParseNode.java:118)
	at ca.uqac.lif.bullwinkle.ParseNode.postfixAccept(ParseNode.java:118)
	at ca.uqac.lif.bullwinkle.ParseNode.postfixAccept(ParseNode.java:118)
	at ca.uqac.lif.bullwinkle.ParseNode.postfixAccept(ParseNode.java:118)
	at ca.uqac.lif.bullwinkle.ParseNode.postfixAccept(ParseNode.java:118)
	at ca.uqac.lif.bullwinkle.ParseNode.postfixAccept(ParseNode.java:118)
	at ca.uqac.lif.bullwinkle.ParseNode.postfixAccept(ParseNode.java:118)
	at ca.uqac.lif.bullwinkle.ParseNode.postfixAccept(ParseNode.java:118)
	at ca.uqac.lif.bullwinkle.ParseNode.postfixAccept(ParseNode.java:118)
	at ca.uqac.lif.bullwinkle.ParseNode.postfixAccept(ParseNode.java:118)
	at ca.uqac.lif.bullwinkle.ParseNode.postfixAccept(ParseNode.java:118)
	at ca.uqac.lif.bullwinkle.ParseNode.postfixAccept(ParseNode.java:118)
	at ca.uqac.lif.bullwinkle.ParseNode.postfixAccept(ParseNode.java:118)
	at ca.uqac.lif.bullwinkle.ParseNode.postfixAccept(ParseNode.java:118)
	at ca.uqac.lif.cep.interpreter.Interpreter.parseStatement(Interpreter.java:611)
	at ca.uqac.lif.cep.interpreter.Interpreter.parseQuery(Interpreter.java:592)
	at ca.uqac.lif.cep.tuples.TuplesEmlSelectTest.testSelectMixed1(TuplesEmlSelectTest.java:296)
	at sun.reflect.NativeMethodAccessorImpl.invoke0(Native Method)
	at sun.reflect.NativeMethodAccessorImpl.invoke(NativeMethodAccessorImpl.java:57)
	at sun.reflect.DelegatingMethodAccessorImpl.invoke(DelegatingMethodAccessorImpl.java:43)
	at java.lang.reflect.Method.invoke(Method.java:606)
	at org.junit.runners.model.FrameworkMethod$1.runReflectiveCall(FrameworkMethod.java:50)
	at org.junit.internal.runners.model.ReflectiveCallable.run(ReflectiveCallable.java:12)
	at org.junit.runners.model.FrameworkMethod.invokeExplosively(FrameworkMethod.java:47)
	at org.junit.internal.runners.statements.InvokeMethod.evaluate(InvokeMethod.java:17)
	at org.junit.internal.runners.statements.RunBefores.evaluate(RunBefores.java:26)
	at org.junit.runners.ParentRunner.runLeaf(ParentRunner.java:325)
	at org.junit.runners.BlockJUnit4ClassRunner.runChild(BlockJUnit4ClassRunner.java:78)
	at org.junit.runners.BlockJUnit4ClassRunner.runChild(BlockJUnit4ClassRunner.java:57)
	at org.junit.runners.ParentRunner$3.run(ParentRunner.java:290)
	at org.junit.runners.ParentRunner$1.schedule(ParentRunner.java:71)
	at org.junit.runners.ParentRunner.runChildren(ParentRunner.java:288)
	at org.junit.runners.ParentRunner.access$000(ParentRunner.java:58)
	at org.junit.runners.ParentRunner$2.evaluate(ParentRunner.java:268)
	at org.junit.runners.ParentRunner.run(ParentRunner.java:363)
	at junit.framework.JUnit4TestAdapter.run(JUnit4TestAdapter.java:38)
	at org.apache.tools.ant.taskdefs.optional.junit.JUnitTestRunner.run(JUnitTestRunner.java:532)
	at org.apache.tools.ant.taskdefs.optional.junit.JUnitTestRunner.launch(JUnitTestRunner.java:1165)
	at org.apache.tools.ant.taskdefs.optional.junit.JUnitTestRunner.main(JUnitTestRunner.java:1016)
java.io.FileNotFoundException: tuples1.csv (No such file or directory)
	at java.io.FileInputStream.open(Native Method)
	at java.io.FileInputStream.<init>(FileInputStream.java:146)
	at ca.uqac.lif.cep.io.StreamReader.build(StreamReader.java:213)
	at sun.reflect.NativeMethodAccessorImpl.invoke0(Native Method)
	at sun.reflect.NativeMethodAccessorImpl.invoke(NativeMethodAccessorImpl.java:57)
	at sun.reflect.DelegatingMethodAccessorImpl.invoke(DelegatingMethodAccessorImpl.java:43)
	at java.lang.reflect.Method.invoke(Method.java:606)
	at ca.uqac.lif.cep.interpreter.Interpreter.visitAssociation(Interpreter.java:446)
	at ca.uqac.lif.cep.interpreter.Interpreter.visit(Interpreter.java:389)
	at ca.uqac.lif.bullwinkle.ParseNode.postfixAccept(ParseNode.java:120)
	at ca.uqac.lif.bullwinkle.ParseNode.postfixAccept(ParseNode.java:118)
	at ca.uqac.lif.bullwinkle.ParseNode.postfixAccept(ParseNode.java:118)
	at ca.uqac.lif.bullwinkle.ParseNode.postfixAccept(ParseNode.java:118)
	at ca.uqac.lif.bullwinkle.ParseNode.postfixAccept(ParseNode.java:118)
	at ca.uqac.lif.bullwinkle.ParseNode.postfixAccept(ParseNode.java:118)
	at ca.uqac.lif.cep.interpreter.Interpreter.parseStatement(Interpreter.java:611)
	at ca.uqac.lif.cep.interpreter.Interpreter.parseQuery(Interpreter.java:592)
	at ca.uqac.lif.cep.tuples.TuplesEmlSelectTest.testTupleFeeder1(TuplesEmlSelectTest.java:328)
	at sun.reflect.NativeMethodAccessorImpl.invoke0(Native Method)
	at sun.reflect.NativeMethodAccessorImpl.invoke(NativeMethodAccessorImpl.java:57)
	at sun.reflect.DelegatingMethodAccessorImpl.invoke(DelegatingMethodAccessorImpl.java:43)
	at java.lang.reflect.Method.invoke(Method.java:606)
	at org.junit.runners.model.FrameworkMethod$1.runReflectiveCall(FrameworkMethod.java:50)
	at org.junit.internal.runners.model.ReflectiveCallable.run(ReflectiveCallable.java:12)
	at org.junit.runners.model.FrameworkMethod.invokeExplosively(FrameworkMethod.java:47)
	at org.junit.internal.runners.statements.InvokeMethod.evaluate(InvokeMethod.java:17)
	at org.junit.internal.runners.statements.RunBefores.evaluate(RunBefores.java:26)
	at org.junit.runners.ParentRunner.runLeaf(ParentRunner.java:325)
	at org.junit.runners.BlockJUnit4ClassRunner.runChild(BlockJUnit4ClassRunner.java:78)
	at org.junit.runners.BlockJUnit4ClassRunner.runChild(BlockJUnit4ClassRunner.java:57)
	at org.junit.runners.ParentRunner$3.run(ParentRunner.java:290)
	at org.junit.runners.ParentRunner$1.schedule(ParentRunner.java:71)
	at org.junit.runners.ParentRunner.runChildren(ParentRunner.java:288)
	at org.junit.runners.ParentRunner.access$000(ParentRunner.java:58)
	at org.junit.runners.ParentRunner$2.evaluate(ParentRunner.java:268)
	at org.junit.runners.ParentRunner.run(ParentRunner.java:363)
	at junit.framework.JUnit4TestAdapter.run(JUnit4TestAdapter.java:38)
	at org.apache.tools.ant.taskdefs.optional.junit.JUnitTestRunner.run(JUnitTestRunner.java:532)
	at org.apache.tools.ant.taskdefs.optional.junit.JUnitTestRunner.launch(JUnitTestRunner.java:1165)
	at org.apache.tools.ant.taskdefs.optional.junit.JUnitTestRunner.main(JUnitTestRunner.java:1016)
java.io.FileNotFoundException: tuples1.csv (No such file or directory)
	at java.io.FileInputStream.open(Native Method)
	at java.io.FileInputStream.<init>(FileInputStream.java:146)
	at ca.uqac.lif.cep.io.StreamReader.build(StreamReader.java:213)
	at sun.reflect.NativeMethodAccessorImpl.invoke0(Native Method)
	at sun.reflect.NativeMethodAccessorImpl.invoke(NativeMethodAccessorImpl.java:57)
	at sun.reflect.DelegatingMethodAccessorImpl.invoke(DelegatingMethodAccessorImpl.java:43)
	at java.lang.reflect.Method.invoke(Method.java:606)
	at ca.uqac.lif.cep.interpreter.Interpreter.visitAssociation(Interpreter.java:446)
	at ca.uqac.lif.cep.interpreter.Interpreter.visit(Interpreter.java:389)
	at ca.uqac.lif.bullwinkle.ParseNode.postfixAccept(ParseNode.java:120)
	at ca.uqac.lif.bullwinkle.ParseNode.postfixAccept(ParseNode.java:118)
	at ca.uqac.lif.bullwinkle.ParseNode.postfixAccept(ParseNode.java:118)
	at ca.uqac.lif.bullwinkle.ParseNode.postfixAccept(ParseNode.java:118)
	at ca.uqac.lif.bullwinkle.ParseNode.postfixAccept(ParseNode.java:118)
	at ca.uqac.lif.bullwinkle.ParseNode.postfixAccept(ParseNode.java:118)
	at ca.uqac.lif.bullwinkle.ParseNode.postfixAccept(ParseNode.java:118)
	at ca.uqac.lif.bullwinkle.ParseNode.postfixAccept(ParseNode.java:118)
	at ca.uqac.lif.bullwinkle.ParseNode.postfixAccept(ParseNode.java:118)
	at ca.uqac.lif.cep.interpreter.Interpreter.parseStatement(Interpreter.java:611)
	at ca.uqac.lif.cep.interpreter.Interpreter.parseQuery(Interpreter.java:592)
	at ca.uqac.lif.cep.tuples.TuplesEmlSelectTest.testWhere1(TuplesEmlSelectTest.java:393)
	at sun.reflect.NativeMethodAccessorImpl.invoke0(Native Method)
	at sun.reflect.NativeMethodAccessorImpl.invoke(NativeMethodAccessorImpl.java:57)
	at sun.reflect.DelegatingMethodAccessorImpl.invoke(DelegatingMethodAccessorImpl.java:43)
	at java.lang.reflect.Method.invoke(Method.java:606)
	at org.junit.runners.model.FrameworkMethod$1.runReflectiveCall(FrameworkMethod.java:50)
	at org.junit.internal.runners.model.ReflectiveCallable.run(ReflectiveCallable.java:12)
	at org.junit.runners.model.FrameworkMethod.invokeExplosively(FrameworkMethod.java:47)
	at org.junit.internal.runners.statements.InvokeMethod.evaluate(InvokeMethod.java:17)
	at org.junit.internal.runners.statements.RunBefores.evaluate(RunBefores.java:26)
	at org.junit.runners.ParentRunner.runLeaf(ParentRunner.java:325)
	at org.junit.runners.BlockJUnit4ClassRunner.runChild(BlockJUnit4ClassRunner.java:78)
	at org.junit.runners.BlockJUnit4ClassRunner.runChild(BlockJUnit4ClassRunner.java:57)
	at org.junit.runners.ParentRunner$3.run(ParentRunner.java:290)
	at org.junit.runners.ParentRunner$1.schedule(ParentRunner.java:71)
	at org.junit.runners.ParentRunner.runChildren(ParentRunner.java:288)
	at org.junit.runners.ParentRunner.access$000(ParentRunner.java:58)
	at org.junit.runners.ParentRunner$2.evaluate(ParentRunner.java:268)
	at org.junit.runners.ParentRunner.run(ParentRunner.java:363)
	at junit.framework.JUnit4TestAdapter.run(JUnit4TestAdapter.java:38)
	at org.apache.tools.ant.taskdefs.optional.junit.JUnitTestRunner.run(JUnitTestRunner.java:532)
	at org.apache.tools.ant.taskdefs.optional.junit.JUnitTestRunner.launch(JUnitTestRunner.java:1165)
	at org.apache.tools.ant.taskdefs.optional.junit.JUnitTestRunner.main(JUnitTestRunner.java:1016)
]]></system-err>

  </testsuite>
</testsuites>
