<?xml version="1.0" encoding="UTF-8" ?>
<testsuite errors="0" failures="0" hostname="Kuujjuaq" name="ca.uqac.lif.cep.FunctionTest" skipped="0" tests="9" time="0.99" timestamp="2016-07-14T20:04:38">
  <properties>
[...]
</properties>
  <testcase classname="ca.uqac.lif.cep.FunctionTest" name="testAdditionCumulativeNull" time="0.007" />
  <testcase classname="ca.uqac.lif.cep.FunctionTest" name="testUnaryAsProcessor" time="0.029" />
  <testcase classname="ca.uqac.lif.cep.FunctionTest" name="testAdditionAsCumulativeProcessor" time="0.0" />
  <testcase classname="ca.uqac.lif.cep.FunctionTest" name="testAddition" time="0.0" />
  <testcase classname="ca.uqac.lif.cep.FunctionTest" name="testAdditionCumulative" time="0.0" />
  <testcase classname="ca.uqac.lif.cep.FunctionTest" name="testGrammar" time="0.129" />
  <testcase classname="ca.uqac.lif.cep.FunctionTest" name="testAdditionOnce" time="0.0" />
  <testcase classname="ca.uqac.lif.cep.FunctionTest" name="testAdditionAsProcessor" time="0.0" />
  <testcase classname="ca.uqac.lif.cep.FunctionTest" name="testAdditionNullAsCumulativeProcessor" time="0.0" />
  <system-out><![CDATA[]]></system-out>
  <system-err><![CDATA[]]></system-err>
</testsuite>
